2024-02-10 01:41:33 Loading main app package /usr/lib/obsidian/obsidian.asar
2024-02-10 01:41:33 Checking for update using Github
2024-02-10 01:41:34 Success.
2024-02-10 01:41:34 Latest version is 1.5.3
2024-02-10 01:41:34 App is up to date.
2024-02-10 01:42:12 Loading main app package /usr/lib/obsidian/obsidian.asar
2024-02-10 01:42:12 Checking for update using Github
2024-02-10 01:42:12 Success.
2024-02-10 01:42:12 Latest version is 1.5.3
2024-02-10 01:42:12 App is up to date.
2024-02-11 20:47:44 Loading main app package /usr/lib/obsidian/obsidian.asar
2024-02-11 20:47:44 Checking for update using Github
2024-02-11 20:47:45 Success.
2024-02-11 20:47:45 Latest version is 1.5.3
2024-02-11 20:47:45 App is up to date.
2024-02-11 20:54:37 Loading main app package /usr/lib/obsidian/obsidian.asar
2024-02-11 20:54:37 Checking for update using Github
2024-02-11 20:54:38 Success.
2024-02-11 20:54:38 Latest version is 1.5.3
2024-02-11 20:54:38 App is up to date.
2024-02-11 20:58:08 Loading main app package /usr/lib/obsidian/obsidian.asar
2024-02-11 20:58:09 Checking for update using Github
2024-02-11 20:59:52 Loading main app package /usr/lib/obsidian/obsidian.asar
2024-02-11 20:59:52 Checking for update using Github
2024-02-11 20:59:53 Success.
2024-02-11 20:59:53 Latest version is 1.5.3
2024-02-11 20:59:53 App is up to date.
2024-02-11 21:00:16 Loading main app package /usr/lib/obsidian/obsidian.asar
2024-02-11 21:00:17 Checking for update using Github
2024-02-11 21:00:17 Success.
2024-02-11 21:00:17 Latest version is 1.5.3
2024-02-11 21:00:17 App is up to date.
2024-02-11 21:01:11 Loading main app package /usr/lib/obsidian/obsidian.asar
2024-02-11 21:01:11 Checking for update using Github
2024-02-11 21:01:11 Success.
2024-02-11 21:01:11 Latest version is 1.5.3
2024-02-11 21:01:11 App is up to date.
2024-02-11 21:01:52 Loading main app package /usr/lib/obsidian/obsidian.asar
2024-02-11 21:01:52 Checking for update using Github
2024-02-11 21:01:52 Success.
2024-02-11 21:01:52 Latest version is 1.5.3
2024-02-11 21:01:52 App is up to date.
2024-02-11 21:02:01 Loading main app package /usr/lib/obsidian/obsidian.asar
2024-02-11 21:02:01 Checking for update using Github
2024-02-11 21:14:24 Loading main app package /usr/lib/obsidian/obsidian.asar
2024-02-11 21:14:24 Checking for update using Github
2024-02-11 21:14:25 Success.
2024-02-11 21:14:25 Latest version is 1.5.3
2024-02-11 21:14:25 App is up to date.
2024-02-11 21:14:49 Loading main app package /usr/lib/obsidian/obsidian.asar
2024-02-11 21:14:49 Checking for update using Github
2024-02-11 21:14:49 Success.
2024-02-11 21:14:49 Latest version is 1.5.3
2024-02-11 21:14:49 App is up to date.
2024-02-11 21:15:06 Loading main app package /usr/lib/obsidian/obsidian.asar
2024-02-11 21:15:06 Checking for update using Github
2024-02-11 21:15:06 Success.
2024-02-11 21:15:06 Latest version is 1.5.3
2024-02-11 21:15:06 App is up to date.
2024-02-11 21:15:18 Loading main app package /usr/lib/obsidian/obsidian.asar
2024-02-11 21:15:18 Checking for update using Github
2024-02-11 21:15:18 Success.
2024-02-11 21:15:18 Latest version is 1.5.3
2024-02-11 21:15:18 App is up to date.
2024-02-11 21:15:31 Loading main app package /usr/lib/obsidian/obsidian.asar
2024-02-11 21:15:31 Checking for update using Github
2024-02-11 21:15:31 Success.
2024-02-11 21:15:31 Latest version is 1.5.3
2024-02-11 21:15:31 App is up to date.
2024-02-11 21:24:45 Loading main app package /usr/lib/obsidian/obsidian.asar
2024-02-11 21:24:45 Checking for update using Github
2024-02-11 21:24:46 Success.
2024-02-11 21:24:46 Latest version is 1.5.3
2024-02-11 21:24:46 App is up to date.
2024-02-11 21:24:57 Loading main app package /usr/lib/obsidian/obsidian.asar
2024-02-11 21:24:58 Checking for update using Github
2024-02-11 21:24:58 Success.
2024-02-11 21:24:58 Latest version is 1.5.3
2024-02-11 21:24:58 App is up to date.
2024-02-11 21:35:59 Loading main app package /usr/lib/obsidian/obsidian.asar
2024-02-11 21:35:59 Checking for update using Github
2024-02-11 21:36:00 Success.
2024-02-11 21:36:00 Latest version is 1.5.3
2024-02-11 21:36:00 App is up to date.
2024-02-11 21:38:24 Loading main app package /usr/lib/obsidian/obsidian.asar
2024-02-11 21:38:25 Checking for update using Github
2024-02-11 21:38:25 Success.
2024-02-11 21:38:25 Latest version is 1.5.3
2024-02-11 21:38:25 App is up to date.
2024-02-12 14:08:36 Loading main app package /usr/lib/obsidian/obsidian.asar
2024-02-12 14:08:37 Checking for update using Github
2024-02-12 14:08:37 Success.
2024-02-12 14:08:37 Latest version is 1.5.3
2024-02-12 14:08:37 App is up to date.
2024-02-12 20:05:03 Checking for update using Github
2024-02-12 20:05:03 Success.
2024-02-12 20:05:03 Latest version is 1.5.3
2024-02-12 20:05:03 App is up to date.
2024-02-12 21:05:03 Checking for update using Github
2024-02-12 21:05:03 Success.
2024-02-12 21:05:03 Latest version is 1.5.3
2024-02-12 21:05:03 App is up to date.
2024-02-13 00:52:36 Checking for update using Github
2024-02-13 00:52:37 Success.
2024-02-13 00:52:37 Latest version is 1.5.3
2024-02-13 00:52:37 App is up to date.
2024-02-13 01:52:36 Checking for update using Github
2024-02-13 01:52:37 Success.
2024-02-13 01:52:37 Latest version is 1.5.3
2024-02-13 01:52:37 App is up to date.
2024-02-13 13:53:41 Checking for update using Github
2024-02-13 13:53:42 Success.
2024-02-13 13:53:42 Latest version is 1.5.3
2024-02-13 13:53:42 App is up to date.
2024-02-13 16:29:12 Checking for update using Github
2024-02-13 16:29:12 Success.
2024-02-13 16:29:12 Latest version is 1.5.3
2024-02-13 16:29:12 App is up to date.
2024-02-13 22:18:30 Checking for update using Github
2024-02-13 22:18:31 Success.
2024-02-13 22:18:31 Latest version is 1.5.3
2024-02-13 22:18:31 App is up to date.
2024-02-14 01:58:45 Checking for update using Github
2024-02-14 01:58:46 Success.
2024-02-14 01:58:46 Latest version is 1.5.3
2024-02-14 01:58:46 App is up to date.
2024-02-14 02:58:45 Checking for update using Github
2024-02-14 02:58:46 Success.
2024-02-14 02:58:46 Latest version is 1.5.3
2024-02-14 02:58:46 App is up to date.
2024-02-14 18:29:53 Checking for update using Github
2024-02-14 18:29:54 Success.
2024-02-14 18:29:54 Latest version is 1.5.3
2024-02-14 18:29:54 App is up to date.
2024-02-14 19:29:54 Checking for update using Github
2024-02-14 19:29:54 Success.
2024-02-14 19:29:54 Latest version is 1.5.3
2024-02-14 19:29:54 App is up to date.
2024-02-14 20:29:54 Checking for update using Github
2024-02-14 20:29:54 Success.
2024-02-14 20:29:54 Latest version is 1.5.3
2024-02-14 20:29:54 App is up to date.
2024-02-14 21:29:54 Checking for update using Github
2024-02-14 21:29:54 Success.
2024-02-14 21:29:54 Latest version is 1.5.3
2024-02-14 21:29:54 App is up to date.
2024-02-15 12:37:14 Checking for update using Github
2024-02-15 12:37:14 Success.
2024-02-15 12:37:14 Latest version is 1.5.3
2024-02-15 12:37:14 App is up to date.
2024-02-15 19:26:07 Checking for update using Github
2024-02-15 19:26:08 Success.
2024-02-15 19:26:08 Latest version is 1.5.3
2024-02-15 19:26:08 App is up to date.
2024-02-15 20:26:07 Checking for update using Github
2024-02-15 20:26:07 Success.
2024-02-15 20:26:07 Latest version is 1.5.3
2024-02-15 20:26:07 App is up to date.
2024-02-16 00:10:35 Checking for update using Github
2024-02-16 00:10:36 Success.
2024-02-16 00:10:36 Latest version is 1.5.3
2024-02-16 00:10:36 App is up to date.
2024-02-16 01:10:35 Checking for update using Github
2024-02-16 01:10:36 Success.
2024-02-16 01:10:36 Latest version is 1.5.3
2024-02-16 01:10:36 App is up to date.
2024-02-16 14:15:47 Checking for update using Github
2024-02-16 14:15:48 Success.
2024-02-16 14:15:48 Latest version is 1.5.3
2024-02-16 14:15:48 App is up to date.
2024-02-16 22:09:05 Checking for update using Github
2024-02-16 22:09:06 Success.
2024-02-16 22:09:06 Latest version is 1.5.3
2024-02-16 22:09:06 App is up to date.
2024-02-16 23:09:05 Checking for update using Github
2024-02-16 23:09:06 Success.
2024-02-16 23:09:06 Latest version is 1.5.3
2024-02-16 23:09:06 App is up to date.
2024-02-17 00:09:06 Checking for update using Github
2024-02-17 00:09:06 Success.
2024-02-17 00:09:06 Latest version is 1.5.3
2024-02-17 00:09:06 App is up to date.
2024-02-18 15:42:33 Checking for update using Github
2024-02-18 15:42:34 Success.
2024-02-18 15:42:34 Latest version is 1.5.3
2024-02-18 15:42:34 App is up to date.
2024-02-18 16:42:33 Checking for update using Github
2024-02-18 16:42:34 Success.
2024-02-18 16:42:34 Latest version is 1.5.3
2024-02-18 16:42:34 App is up to date.
2024-02-18 17:42:33 Checking for update using Github
2024-02-18 17:42:34 Success.
2024-02-18 17:42:34 Latest version is 1.5.3
2024-02-18 17:42:34 App is up to date.
2024-02-19 00:09:36 Checking for update using Github
2024-02-19 00:09:36 Success.
2024-02-19 00:09:36 Latest version is 1.5.3
2024-02-19 00:09:36 App is up to date.
2024-02-19 13:59:50 Checking for update using Github
2024-02-19 13:59:51 Success.
2024-02-19 13:59:51 Latest version is 1.5.3
2024-02-19 13:59:51 App is up to date.
2024-02-19 14:59:51 Checking for update using Github
2024-02-19 14:59:51 Success.
2024-02-19 14:59:51 Latest version is 1.5.3
2024-02-19 14:59:51 App is up to date.
2024-02-19 20:47:25 Checking for update using Github
2024-02-19 21:27:39 Loading main app package /usr/lib/obsidian/obsidian.asar
2024-02-19 21:27:39 Checking for update using Github
2024-02-19 21:27:39 Success.
2024-02-19 21:27:39 Latest version is 1.5.3
2024-02-19 21:27:39 App is up to date.
2024-02-19 21:27:57 Loading main app package /usr/lib/obsidian/obsidian.asar
2024-02-19 21:27:57 Checking for update using Github
2024-02-19 21:27:57 Success.
2024-02-19 21:27:57 Latest version is 1.5.3
2024-02-19 21:27:57 App is up to date.
2024-02-28 17:35:36 Loading main app package /nix/store/7gs6wfny02k642nmpqds3i2s6w173ywg-obsidian-1.4.16/share/obsidian/obsidian.asar
2024-02-28 17:35:36 Checking for update using Github
2024-02-28 17:35:37 Success.
2024-02-28 17:35:37 Latest version is 1.5.8
2024-02-28 17:35:37 Downloading update from https://github.com/obsidianmd/obsidian-releases/releases/download/v1.5.8/obsidian-1.5.8.asar.gz
2024-02-28 17:36:03 Loading main app package /nix/store/7gs6wfny02k642nmpqds3i2s6w173ywg-obsidian-1.4.16/share/obsidian/obsidian.asar
2024-02-28 17:36:03 Checking for update using Github
2024-02-28 17:36:03 Success.
2024-02-28 17:36:03 Latest version is 1.5.8
2024-02-28 17:36:03 Downloading update from https://github.com/obsidianmd/obsidian-releases/releases/download/v1.5.8/obsidian-1.5.8.asar.gz
2024-02-28 17:36:09 Verifying hash & signature. Size= 8652806
2024-02-28 17:36:09 Saving file
2024-02-28 17:36:10 Update complete.
2024-02-29 00:03:19 Loading updated app package /home/lucca/.config/obsidian/obsidian-1.5.8.asar
2024-02-29 00:03:19 Checking for update using Github
2024-02-29 00:03:19 Success.
2024-02-29 00:03:19 Latest version is 1.5.8
2024-02-29 00:03:19 App is up to date.
2024-02-29 01:03:20 Checking for update using Github
2024-02-29 01:03:21 Success.
2024-02-29 01:03:21 Latest version is 1.5.8
2024-02-29 01:03:21 App is up to date.
2024-02-29 13:46:25 Loading updated app package /home/lucca/.config/obsidian/obsidian-1.5.8.asar
2024-02-29 13:46:25 Checking for update using Github
2024-02-29 13:46:25 Success.
2024-02-29 13:46:25 Latest version is 1.5.8
2024-02-29 13:46:25 App is up to date.
2024-02-29 16:00:40 Checking for update using Github
2024-02-29 16:00:41 Success.
2024-02-29 16:00:41 Latest version is 1.5.8
2024-02-29 16:00:41 App is up to date.
2024-02-29 17:00:40 Checking for update using Github
2024-02-29 17:00:41 Success.
2024-02-29 17:00:41 Latest version is 1.5.8
2024-02-29 17:00:41 App is up to date.
2024-02-29 18:00:41 Checking for update using Github
2024-02-29 18:00:41 Success.
2024-02-29 18:00:41 Latest version is 1.5.8
2024-02-29 18:00:41 App is up to date.
2024-02-29 19:57:02 Checking for update using Github
2024-02-29 19:57:10 Success.
2024-02-29 19:57:10 Latest version is 1.5.8
2024-02-29 19:57:10 App is up to date.
